<?xml version="1.0" encoding="UTF-8"?>
<!-- Generated by org.testng.reporters.JUnitReportReporter -->
<testsuite hostname="DESKTOP-6FJI8KJ" failures="0" tests="3" name="testNGpack.Demo3" time="0.027" errors="0" timestamp="2023-03-27T20:05:05 IST" skipped="0">
  <testcase classname="testNGpack.Demo3" name="dm5" time="0.011"/>
  <system-out>
    <![CDATA[method name is dm5]]>
  </system-out>
  <testcase classname="testNGpack.Demo3" name="dm4" time="0.011"/>
  <system-out>
    <![CDATA[method name is dm4]]>
  </system-out>
  <testcase classname="testNGpack.Demo3" name="dm3" time="0.005"/>
  <system-out>
    <![CDATA[method name is dm3]]>
  </system-out>
</testsuite> <!-- testNGpack.Demo3 -->
