<?xml version="1.0" encoding="UTF-8"?>
<!-- Generated by org.testng.reporters.JUnitReportReporter -->
<testsuite hostname="DESKTOP-6FJI8KJ" failures="0" tests="1" name="testNGAnnotation.TestAnnotaions" time="0.019" errors="0" timestamp="2023-03-27T20:12:58 IST" skipped="0">
  <testcase classname="testNGAnnotation.TestAnnotaions" name="f" time="0.019"/>
  <system-out>
    <![CDATA[TestCase1]]>
  </system-out>
</testsuite> <!-- testNGAnnotation.TestAnnotaions -->
