<?xml version="1.0" encoding="UTF-8"?>
<!-- Generated by org.testng.reporters.JUnitReportReporter -->
<testsuite hostname="DESKTOP-6FJI8KJ" failures="0" tests="3" name="testNGFlage.Flage3" time="0.024" errors="0" timestamp="2023-03-31T18:52:01 IST" skipped="0">
  <testcase classname="testNGFlage.Flage3" name="logOut" time="0.019"/>
  <system-out>
    <![CDATA[Logged Out!!]]>
  </system-out>
  <testcase classname="testNGFlage.Flage3" name="createUser" time="0.002"/>
  <system-out>
    <![CDATA[UserCreated]]>
  </system-out>
  <testcase classname="testNGFlage.Flage3" name="login" time="0.003"/>
  <system-out>
    <![CDATA[Logged in!!]]>
  </system-out>
</testsuite> <!-- testNGFlage.Flage3 -->
