<?xml version="1.0" encoding="UTF-8"?>
<!-- Generated by org.testng.reporters.JUnitReportReporter -->
<testsuite hostname="DESKTOP-6FJI8KJ" failures="0" tests="3" name="testNGAnnotation.GoogleTest" time="75.733" errors="0" timestamp="2023-03-28T18:59:36 IST" skipped="0">
  <testcase classname="testNGAnnotation.GoogleTest" name="Search3" time="15.722"/>
  <system-out/>
  <testcase classname="testNGAnnotation.GoogleTest" name="Search" time="20.125"/>
  <system-out/>
  <testcase classname="testNGAnnotation.GoogleTest" name="Search1" time="39.886"/>
  <system-out/>
</testsuite> <!-- testNGAnnotation.GoogleTest -->
