<?xml version="1.0" encoding="UTF-8"?>
<!-- Generated by org.testng.reporters.JUnitReportReporter -->
<testsuite hostname="DESKTOP-6FJI8KJ" failures="0" tests="2" name="testingExecution.MethodExe" time="0.040" errors="0" timestamp="2023-03-28T20:03:53 IST" skipped="0">
  <testcase classname="testingExecution.MethodExe" name="method1" time="0.025"/>
  <system-out>
    <![CDATA[1is the threadid
Method1]]>
  </system-out>
  <testcase classname="testingExecution.MethodExe" name="method2" time="0.015"/>
  <system-out>
    <![CDATA[1is the threadid
Method2]]>
  </system-out>
</testsuite> <!-- testingExecution.MethodExe -->
