<?xml version="1.0" encoding="UTF-8"?>
<!-- Generated by org.testng.reporters.JUnitReportReporter -->
<testsuite hostname="DESKTOP-6FJI8KJ" failures="0" tests="3" name="testNGpack.Demo" time="0.065" errors="0" timestamp="2023-03-27T20:05:05 IST" skipped="0">
  <testcase classname="testNGpack.Demo" name="f" time="0.047"/>
  <system-out>
    <![CDATA[Sunday!!!]]>
  </system-out>
  <testcase classname="testNGpack.Demo" name="m2" time="0.007"/>
  <system-out>
    <![CDATA[method name is m2]]>
  </system-out>
  <testcase classname="testNGpack.Demo" name="m1" time="0.011"/>
  <system-out>
    <![CDATA[method name is m1]]>
  </system-out>
</testsuite> <!-- testNGpack.Demo -->
