<?xml version="1.0" encoding="UTF-8"?>
<!-- Generated by org.testng.reporters.JUnitReportReporter -->
<testsuite hostname="DESKTOP-6FJI8KJ" failures="0" tests="1" name="testingExecution.TestCase3" time="101.120" errors="0" timestamp="2023-03-28T19:42:51 IST" skipped="0">
  <testcase classname="testingExecution.TestCase3" name="Search3" time="101.120"/>
  <system-out/>
</testsuite> <!-- testingExecution.TestCase3 -->
